<?xml version="1.0" encoding="UTF-8"?>
<!-- Generated by org.testng.reporters.JUnitReportReporter -->
<testsuite skipped="0" hostname="DESKTOP-QJPEN10" name="Test_scripts.DWS_Login003_Test" tests="1" failures="0" timestamp="2023-12-28T12:45:41 IST" time="34.441" errors="0">
  <testcase name="removeproduct" time="34.441" classname="Test_scripts.DWS_Login003_Test"/>
  <system-out>
Electronics page displayed cellphones page displayed SmartPhone  added to cart Checkbox enabled Moved to checkout page First name entered Lastname entered Email entered Country selected entered city entered Address1 entered address2 Entered zipcode entered phone number Move to shipping address Move to shipping method Move to payment method Move to payment information Move to confirm order Move to Thank you page Product should be removed  </system-out>
</testsuite> <!-- Test_scripts.DWS_Login003_Test -->
