<?xml version="1.0" encoding="UTF-8"?>
<!-- Generated by org.testng.reporters.JUnitReportReporter -->
<testsuite skipped="0" hostname="DESKTOP-QJPEN10" name="Test_scripts.DWS_Login_005_Test" tests="1" failures="0" timestamp="2023-12-28T09:18:30 IST" time="10.620" errors="0">
  <testcase name="addtocompare" time="10.620" classname="Test_scripts.DWS_Login_005_Test"/>
  <system-out>
Electronics page displayed cellphones page displayed Smartphone page displayed products placed in compare products  </system-out>
</testsuite> <!-- Test_scripts.DWS_Login_005_Test -->
