<?xml version="1.0" encoding="UTF-8"?>
<!-- Generated by org.testng.reporters.JUnitReportReporter -->
<testsuite skipped="0" hostname="DESKTOP-QJPEN10" name="Test_scripts.launching_DWS" tests="1" failures="0" timestamp="2023-12-27T09:03:21 IST" time="8.045" errors="0">
  <testcase name="DWS" time="8.045" classname="Test_scripts.launching_DWS"/>
  <system-out/>
</testsuite> <!-- Test_scripts.launching_DWS -->
