<?xml version="1.0" encoding="UTF-8"?>
<!-- Generated by org.testng.reporters.JUnitReportReporter -->
<testsuite skipped="0" hostname="DESKTOP-QJPEN10" name="Test_scripts.DWS_Login_006_Test" tests="1" failures="0" timestamp="2023-12-28T09:52:29 IST" time="20.983" errors="0">
  <testcase name="register" time="20.983" classname="Test_scripts.DWS_Login_006_Test"/>
  <system-out>
Browser launched Test URL Entered entered firstname entered lastname entered email entered password entered confirmpassword Clicked on Log in Link Email Entered Password Entered Login Button Clicked Electronics page displayed cellphones page displayed SmartPhone  added to cart First name entered Lastname entered Email entered Country selected entered city entered address1 entered Address2 Entered zipcode entered phone number Move to shipping address Move to shipping method Move to payment method Move to payment information Move to confirm order Move to Thank you page  </system-out>
</testsuite> <!-- Test_scripts.DWS_Login_006_Test -->
