<?xml version="1.0" encoding="UTF-8"?>
<!-- Generated by org.testng.reporters.JUnitReportReporter -->
<testsuite skipped="0" hostname="DESKTOP-QJPEN10" name="Test_scripts.DWS_Login001_Test" tests="1" failures="0" timestamp="2023-12-28T12:45:41 IST" time="9.957" errors="0">
  <testcase name="Login" time="9.957" classname="Test_scripts.DWS_Login001_Test"/>
  <system-out>
Test URL Entered Clicked on Log in Link Email Entered Password Entered Login Button Clicked  </system-out>
</testsuite> <!-- Test_scripts.DWS_Login001_Test -->
