<?xml version="1.0" encoding="UTF-8"?>
<!-- Generated by org.testng.reporters.JUnitReportReporter -->
<testsuite skipped="0" hostname="DESKTOP-QJPEN10" name="Test_scripts.DWS_Login002_Test" tests="1" failures="0" timestamp="2023-12-28T12:45:41 IST" time="9.963" errors="0">
  <testcase name="AddToCart" time="9.963" classname="Test_scripts.DWS_Login002_Test"/>
  <system-out>
Electronics page displayed cellphones page displayed SmartPhone  added to cart  </system-out>
</testsuite> <!-- Test_scripts.DWS_Login002_Test -->
