<?xml version="1.0" encoding="UTF-8"?>
<!-- Generated by org.testng.reporters.JUnitReportReporter -->
<testsuite skipped="0" hostname="DESKTOP-QJPEN10" name="Test_scripts.DWS_Login_004_Test" tests="1" failures="0" timestamp="2023-12-28T09:16:12 IST" time="15.039" errors="0">
  <testcase name="addtowishlist" time="15.039" classname="Test_scripts.DWS_Login_004_Test"/>
  <system-out>
Electronics page displayed cellphones page displayed Smartphone page displayed Smartphone is added to wishlist  </system-out>
</testsuite> <!-- Test_scripts.DWS_Login_004_Test -->
